\BOOKMARK [1][-]{section.1}{1. Sample Estimators of Diffusion Process Volatility and Drift}{}% 1
\BOOKMARK [2][-]{subsection.1.1}{1.1. b}{section.1}% 2
\BOOKMARK [2][-]{subsection.1.2}{1.2. c}{section.1}% 3
\BOOKMARK [2][-]{subsection.1.3}{1.3. e}{section.1}% 4
\BOOKMARK [1][-]{section.2}{2. }{}% 5
\BOOKMARK [2][-]{subsection.2.1}{2.1. a}{section.2}% 6
\BOOKMARK [2][-]{subsection.2.2}{2.2. b}{section.2}% 7
\BOOKMARK [2][-]{subsection.2.3}{2.3. c}{section.2}% 8
\BOOKMARK [1][-]{section.3}{3. ARCH\(1\) Model Properties}{}% 9
\BOOKMARK [2][-]{subsection.3.1}{3.1. a}{section.3}% 10
\BOOKMARK [2][-]{subsection.3.2}{3.2. b}{section.3}% 11
\BOOKMARK [2][-]{subsection.3.3}{3.3. c}{section.3}% 12
\BOOKMARK [2][-]{subsection.3.4}{3.4. d}{section.3}% 13
\BOOKMARK [2][-]{subsection.3.5}{3.5. e}{section.3}% 14
\BOOKMARK [1][-]{section.4}{4. Annual Sample Variances of Logarithmic Returns}{}% 15
\BOOKMARK [2][-]{subsection.4.1}{4.1. a}{section.4}% 16
\BOOKMARK [2][-]{subsection.4.2}{4.2. b}{section.4}% 17
\BOOKMARK [2][-]{subsection.4.3}{4.3. c}{section.4}% 18
\BOOKMARK [1][-]{section*.1}{References}{}% 19
\BOOKMARK [1][-]{appendix.A}{Appendix A. Derivation of 2 distribution}{}% 20
\BOOKMARK [1][-]{appendix.B}{Appendix B. Derivation of solution of Gaussian integral}{}% 21
\BOOKMARK [1][-]{appendix.C}{Appendix C. Derivation of distribution of 2}{}% 22
\BOOKMARK [1][-]{appendix.D}{Appendix D. Derivation of distribution of 2}{}% 23
